#
# A fatal error has been detected by the Java Runtime Environment:
#
#  Internal Error (javaClasses.cpp:136), pid=6032, tid=6012
#  fatal error: Invalid layout of preloaded class
#
# JRE version:  (7.0_67-b01) (build )
# Java VM: Java HotSpot(TM) Client VM (24.65-b04 mixed mode windows-x86 )
# Failed to write core dump. Minidumps are not enabled by default on client versions of Windows
#
# If you would like to submit a bug report, please visit:
#   http://bugreport.sun.com/bugreport/crash.jsp
#

---------------  T H R E A D  ---------------

Current thread (0x0040c000):  JavaThread "Unknown thread" [_thread_in_vm, id=6012, stack(0x02290000,0x022e0000)]

Stack: [0x02290000,0x022e0000],  sp=0x022dfa0c,  free space=318k
Native frames: (J=compiled Java code, j=interpreted, Vv=VM code, C=native code)
V  [jvm.dll+0x190494]
V  [jvm.dll+0x18a116]
V  [jvm.dll+0x35d7a]
V  [jvm.dll+0x35e06]
V  [jvm.dll+0x4465d]
V  [jvm.dll+0x4490e]
V  [jvm.dll+0x92f8a]
V  [jvm.dll+0x9333b]
V  [jvm.dll+0x13fa31]
V  [jvm.dll+0x1626fc]
V  [jvm.dll+0xc9d6f]
C  [javaw.exe+0x13ce]
C  [javaw.exe+0x1e40]
C  [javaw.exe+0xa601]
C  [javaw.exe+0xa68b]
C  [kernel32.dll+0x1338a]
C  [ntdll.dll+0x39f72]
C  [ntdll.dll+0x39f45]


---------------  P R O C E S S  ---------------

Java Threads: ( => current thread )

Other Threads:

=>0x0040c000 (exited) JavaThread "Unknown thread" [_thread_in_vm, id=6012, stack(0x02290000,0x022e0000)]

VM state:not at safepoint (not fully initialized)

VM Mutex/Monitor currently owned by a thread: None

GC Heap History (0 events):
No events

Deoptimization events (0 events):
No events

Internal exceptions (0 events):
No events

Events (10 events):
Event: 0.006 loading class 0x00343518 done
Event: 0.006 loading class 0x00342fa8 done
Event: 0.006 loading class 0x00342f88
Event: 0.006 loading class 0x0034a2f8
Event: 0.006 loading class 0x0034a2f8 done
Event: 0.006 loading class 0x0034a328
Event: 0.006 loading class 0x0034a328 done
Event: 0.006 loading class 0x0034a358
Event: 0.006 loading class 0x0034a358 done
Event: 0.006 loading class 0x00342f88 done


Dynamic libraries:
0x002c0000 - 0x002ef000 	C:\Program Files (x86)\Java\jre7\bin\javaw.exe
0x76ea0000 - 0x77020000 	C:\Windows\SysWOW64\ntdll.dll
0x75730000 - 0x75840000 	C:\Windows\syswow64\kernel32.dll
0x75c40000 - 0x75c87000 	C:\Windows\syswow64\KERNELBASE.dll
0x75200000 - 0x752a0000 	C:\Windows\syswow64\ADVAPI32.dll
0x74dc0000 - 0x74e6c000 	C:\Windows\syswow64\msvcrt.dll
0x75dd0000 - 0x75de9000 	C:\Windows\SysWOW64\sechost.dll
0x74990000 - 0x74a80000 	C:\Windows\syswow64\RPCRT4.dll
0x74890000 - 0x748f0000 	C:\Windows\syswow64\SspiCli.dll
0x74880000 - 0x7488c000 	C:\Windows\syswow64\CRYPTBASE.dll
0x74eb0000 - 0x74fb0000 	C:\Windows\syswow64\USER32.dll
0x75c90000 - 0x75d20000 	C:\Windows\syswow64\GDI32.dll
0x75d20000 - 0x75d2a000 	C:\Windows\syswow64\LPK.dll
0x74d20000 - 0x74dbd000 	C:\Windows\syswow64\USP10.dll
0x6c720000 - 0x6c8be000 	C:\Windows\WinSxS\x86_microsoft.windows.common-controls_6595b64144ccf1df_6.0.7601.17514_none_41e6975e2bd6f2b2\COMCTL32.dll
0x75a10000 - 0x75a67000 	C:\Windows\syswow64\SHLWAPI.dll
0x752d0000 - 0x75330000 	C:\Windows\system32\IMM32.DLL
0x74aa0000 - 0x74b6c000 	C:\Windows\syswow64\MSCTF.dll
0x55b90000 - 0x55c4f000 	C:\Program Files (x86)\Java\jre7\bin\msvcr100.dll
0x57cc0000 - 0x58048000 	C:\Program Files (x86)\Java\jre7\bin\client\jvm.dll
0x70410000 - 0x70417000 	C:\Windows\system32\WSOCK32.dll
0x756f0000 - 0x75725000 	C:\Windows\syswow64\WS2_32.dll
0x75dc0000 - 0x75dc6000 	C:\Windows\syswow64\NSI.dll
0x71900000 - 0x71932000 	C:\Windows\system32\WINMM.dll
0x75d30000 - 0x75d35000 	C:\Windows\syswow64\PSAPI.DLL
0x72f50000 - 0x72f5c000 	C:\Program Files (x86)\Java\jre7\bin\verify.dll
0x72390000 - 0x723b0000 	C:\Program Files (x86)\Java\jre7\bin\java.dll
0x725f0000 - 0x72603000 	C:\Program Files (x86)\Java\jre7\bin\zip.dll
0x6d0b0000 - 0x6d19b000 	C:\Windows\system32\dbghelp.dll

VM Arguments:
jvm_args: -Dfile.encoding=Cp1252 -Xbootclasspath:C:\java\adt-bundle-windows-x86-20140702\sdk\platforms\android-15\android.jar 
java_command: com.example.scorekeeper.golf_course_db_dao
Launcher Type: SUN_STANDARD

Environment Variables:
PATH=C:/Program Files (x86)/Java/jre7/bin/client;C:/Program Files (x86)/Java/jre7/bin;C:/Program Files (x86)/Java/jre7/lib/i386;C:\Program Files\Common Files\Microsoft Shared\Windows Live;C:\Program Files (x86)\Common Files\Microsoft Shared\Windows Live;c:\Program Files (x86)\Intel\iCLS Client\;c:\Program Files\Intel\iCLS Client\;C:\Program Files (x86)\NVIDIA Corporation\PhysX\Common;C:\Windows\system32;C:\Windows;C:\Windows\System32\Wbem;C:\Windows\System32\WindowsPowerShell\v1.0\;C:\Program Files (x86)\Windows Live\Shared;C:\Tcl\bin;C:\Program Files\Common Files\Microsoft Shared\Windows Live;C:\Program Files (x86)\Common Files\Microsoft Shared\Windows Live;c:\Program Files (x86)\Intel\iCLS Client\;c:\Program Files\Intel\iCLS Client\;C:\Program Files (x86)\NVIDIA Corporation\PhysX\Common;C:\Windows\system32;C:\Windows;C:\Windows\System32\Wbem;C:\Windows\System32\WindowsPowerShell\v1.0\;C:\Program Files (x86)\Windows Live\Shared;C:\java\adt-bundle-windows-x86-20140702\eclipse;
USERNAME=clancy
OS=Windows_NT
PROCESSOR_IDENTIFIER=Intel64 Family 6 Model 58 Stepping 9, GenuineIntel



---------------  S Y S T E M  ---------------

OS: Windows 7 , 64 bit Build 7601 Service Pack 1

CPU:total 8 (4 cores per cpu, 2 threads per core) family 6 model 58 stepping 9, cmov, cx8, fxsr, mmx, sse, sse2, sse3, ssse3, sse4.1, sse4.2, popcnt, avx, aes, erms, ht, tsc, tscinvbit, tscinv

Memory: 4k page, physical 8348616k(4750844k free), swap 16695368k(12055124k free)

vm_info: Java HotSpot(TM) Client VM (24.65-b04) for windows-x86 JRE (1.7.0_67-b01), built on Jul 25 2014 10:20:53 by "java_re" with unknown MS VC++:1600

time: Sun Oct 12 17:29:45 2014
elapsed time: 0 seconds

